19:51:55,916 DEBUG SQL:94 - select MESSAGE_SEQ.nextval from dual
19:51:55,967 DEBUG SQL:94 - insert into Message (TEXT, ID) values (?, ?)
19:51:55,975 TRACE BasicBinder:65 - binding parameter [1] as [VARCHAR] - [Hello Hibernate logging]
19:51:55,976 TRACE BasicBinder:65 - binding parameter [2] as [INTEGER] - [27]
19:55:59,042 TRACE BasicBinder:65 - binding parameter [1] as [VARCHAR] - [Hello Hibernate logging]
19:55:59,045 TRACE BasicBinder:65 - binding parameter [2] as [INTEGER] - [28]
19:56:12,000 TRACE BasicBinder:65 - binding parameter [1] as [VARCHAR] - [Hello Hibernate logging]
19:56:12,003 TRACE BasicBinder:65 - binding parameter [2] as [INTEGER] - [29]
20:14:57,758 DEBUG logging:28 - Logging Provider: org.jboss.logging.Log4jLoggerProvider
20:14:58,004 DEBUG IntegratorServiceImpl:46 - Adding Integrator [org.hibernate.cfg.beanvalidation.BeanValidationIntegrator].
20:14:58,006 DEBUG IntegratorServiceImpl:46 - Adding Integrator [org.hibernate.secure.spi.JaccIntegrator].
20:14:58,012 DEBUG IntegratorServiceImpl:46 - Adding Integrator [org.hibernate.cache.internal.CollectionCacheInvalidator].
20:14:58,117  INFO Version:46 - HHH000412: Hibernate Core {5.4.1.Final}
20:14:58,119 DEBUG Environment:199 - HHH000206: hibernate.properties not found
20:14:58,237 DEBUG LocalXmlResourceResolver:57 - Interpreting public/system identifier : [-//Hibernate/Hibernate Configuration DTD 3.0//EN] - [http://www.hibernate.org/dtd/hibernate-configuration-3.0.dtd]
20:14:58,238 DEBUG LocalXmlResourceResolver:85 - Recognized hibernate-configuration identifier; attempting to resolve on classpath under org/hibernate/
20:14:58,241 DEBUG JaxbCfgProcessor:116 - cfg.xml document did not define namespaces; wrapping in custom event reader to introduce namespace information
20:14:58,422 DEBUG Configuration:722 - Building session factory using internal StandardServiceRegistryBuilder
20:14:58,425 DEBUG ServiceBinding:68 - Overriding existing service binding [org.hibernate.secure.spi.JaccService]
20:14:58,426 DEBUG Configuration:652 - Building session factory using provided StandardServiceRegistry
20:14:58,433 DEBUG RegionFactoryInitiator:118 - Cannot default RegionFactory based on registered strategies as `[]` RegionFactory strategies were registered
20:14:58,434 DEBUG RegionFactoryInitiator:49 - Cache region factory : org.hibernate.cache.internal.NoCachingRegionFactory
20:14:58,448  INFO Version:49 - HCANN000001: Hibernate Commons Annotations {5.1.0.Final}
20:14:58,579 DEBUG BasicTypeRegistry:156 - Adding type registration boolean -> org.hibernate.type.BooleanType@3e6ef8ad
20:14:58,580 DEBUG BasicTypeRegistry:156 - Adding type registration boolean -> org.hibernate.type.BooleanType@3e6ef8ad
20:14:58,580 DEBUG BasicTypeRegistry:156 - Adding type registration java.lang.Boolean -> org.hibernate.type.BooleanType@3e6ef8ad
20:14:58,581 DEBUG BasicTypeRegistry:156 - Adding type registration numeric_boolean -> org.hibernate.type.NumericBooleanType@2e55dd0c
20:14:58,581 DEBUG BasicTypeRegistry:156 - Adding type registration true_false -> org.hibernate.type.TrueFalseType@378542de
20:14:58,582 DEBUG BasicTypeRegistry:156 - Adding type registration yes_no -> org.hibernate.type.YesNoType@11bd0f3b
20:14:58,583 DEBUG BasicTypeRegistry:156 - Adding type registration byte -> org.hibernate.type.ByteType@72cde7cc
20:14:58,583 DEBUG BasicTypeRegistry:156 - Adding type registration byte -> org.hibernate.type.ByteType@72cde7cc
20:14:58,583 DEBUG BasicTypeRegistry:156 - Adding type registration java.lang.Byte -> org.hibernate.type.ByteType@72cde7cc
20:14:58,584 DEBUG BasicTypeRegistry:156 - Adding type registration character -> org.hibernate.type.CharacterType@2bfc268b
20:14:58,584 DEBUG BasicTypeRegistry:156 - Adding type registration char -> org.hibernate.type.CharacterType@2bfc268b
20:14:58,584 DEBUG BasicTypeRegistry:156 - Adding type registration java.lang.Character -> org.hibernate.type.CharacterType@2bfc268b
20:14:58,585 DEBUG BasicTypeRegistry:156 - Adding type registration short -> org.hibernate.type.ShortType@4944252c
20:14:58,585 DEBUG BasicTypeRegistry:156 - Adding type registration short -> org.hibernate.type.ShortType@4944252c
20:14:58,585 DEBUG BasicTypeRegistry:156 - Adding type registration java.lang.Short -> org.hibernate.type.ShortType@4944252c
20:14:58,586 DEBUG BasicTypeRegistry:156 - Adding type registration integer -> org.hibernate.type.IntegerType@272ed83b
20:14:58,586 DEBUG BasicTypeRegistry:156 - Adding type registration int -> org.hibernate.type.IntegerType@272ed83b
20:14:58,586 DEBUG BasicTypeRegistry:156 - Adding type registration java.lang.Integer -> org.hibernate.type.IntegerType@272ed83b
20:14:58,587 DEBUG BasicTypeRegistry:156 - Adding type registration long -> org.hibernate.type.LongType@66498326
20:14:58,587 DEBUG BasicTypeRegistry:156 - Adding type registration long -> org.hibernate.type.LongType@66498326
20:14:58,587 DEBUG BasicTypeRegistry:156 - Adding type registration java.lang.Long -> org.hibernate.type.LongType@66498326
20:14:58,588 DEBUG BasicTypeRegistry:156 - Adding type registration float -> org.hibernate.type.FloatType@6631f5ca
20:14:58,588 DEBUG BasicTypeRegistry:156 - Adding type registration float -> org.hibernate.type.FloatType@6631f5ca
20:14:58,588 DEBUG BasicTypeRegistry:156 - Adding type registration java.lang.Float -> org.hibernate.type.FloatType@6631f5ca
20:14:58,589 DEBUG BasicTypeRegistry:156 - Adding type registration double -> org.hibernate.type.DoubleType@649bec2e
20:14:58,590 DEBUG BasicTypeRegistry:156 - Adding type registration double -> org.hibernate.type.DoubleType@649bec2e
20:14:58,590 DEBUG BasicTypeRegistry:156 - Adding type registration java.lang.Double -> org.hibernate.type.DoubleType@649bec2e
20:14:58,590 DEBUG BasicTypeRegistry:156 - Adding type registration big_decimal -> org.hibernate.type.BigDecimalType@1cbb87f3
20:14:58,591 DEBUG BasicTypeRegistry:156 - Adding type registration java.math.BigDecimal -> org.hibernate.type.BigDecimalType@1cbb87f3
20:14:58,591 DEBUG BasicTypeRegistry:156 - Adding type registration big_integer -> org.hibernate.type.BigIntegerType@22e357dc
20:14:58,591 DEBUG BasicTypeRegistry:156 - Adding type registration java.math.BigInteger -> org.hibernate.type.BigIntegerType@22e357dc
20:14:58,592 DEBUG BasicTypeRegistry:156 - Adding type registration string -> org.hibernate.type.StringType@550ee7e5
20:14:58,592 DEBUG BasicTypeRegistry:156 - Adding type registration java.lang.String -> org.hibernate.type.StringType@550ee7e5
20:14:58,593 DEBUG BasicTypeRegistry:156 - Adding type registration nstring -> org.hibernate.type.StringNVarcharType@48974e45
20:14:58,593 DEBUG BasicTypeRegistry:156 - Adding type registration ncharacter -> org.hibernate.type.CharacterNCharType@50ad3bc1
20:14:58,594 DEBUG BasicTypeRegistry:156 - Adding type registration url -> org.hibernate.type.UrlType@57af006c
20:14:58,594 DEBUG BasicTypeRegistry:156 - Adding type registration java.net.URL -> org.hibernate.type.UrlType@57af006c
20:14:58,595 DEBUG BasicTypeRegistry:156 - Adding type registration Duration -> org.hibernate.type.DurationType@29d89d5d
20:14:58,596 DEBUG BasicTypeRegistry:156 - Adding type registration java.time.Duration -> org.hibernate.type.DurationType@29d89d5d
20:14:58,605 DEBUG BasicTypeRegistry:156 - Adding type registration Instant -> org.hibernate.type.InstantType@3d5c822d
20:14:58,606 DEBUG BasicTypeRegistry:156 - Adding type registration java.time.Instant -> org.hibernate.type.InstantType@3d5c822d
20:14:58,607 DEBUG BasicTypeRegistry:156 - Adding type registration LocalDateTime -> org.hibernate.type.LocalDateTimeType@4d5b6aac
20:14:58,607 DEBUG BasicTypeRegistry:156 - Adding type registration java.time.LocalDateTime -> org.hibernate.type.LocalDateTimeType@4d5b6aac
20:14:58,608 DEBUG BasicTypeRegistry:156 - Adding type registration LocalDate -> org.hibernate.type.LocalDateType@483f6d77
20:14:58,608 DEBUG BasicTypeRegistry:156 - Adding type registration java.time.LocalDate -> org.hibernate.type.LocalDateType@483f6d77
20:14:58,609 DEBUG BasicTypeRegistry:156 - Adding type registration LocalTime -> org.hibernate.type.LocalTimeType@32b260fa
20:14:58,609 DEBUG BasicTypeRegistry:156 - Adding type registration java.time.LocalTime -> org.hibernate.type.LocalTimeType@32b260fa
20:14:58,610 DEBUG BasicTypeRegistry:156 - Adding type registration OffsetDateTime -> org.hibernate.type.OffsetDateTimeType@78123e82
20:14:58,610 DEBUG BasicTypeRegistry:156 - Adding type registration java.time.OffsetDateTime -> org.hibernate.type.OffsetDateTimeType@78123e82
20:14:58,611 DEBUG BasicTypeRegistry:156 - Adding type registration OffsetTime -> org.hibernate.type.OffsetTimeType@71238fc2
20:14:58,611 DEBUG BasicTypeRegistry:156 - Adding type registration java.time.OffsetTime -> org.hibernate.type.OffsetTimeType@71238fc2
20:14:58,614 DEBUG BasicTypeRegistry:156 - Adding type registration ZonedDateTime -> org.hibernate.type.ZonedDateTimeType@4d0f2471
20:14:58,614 DEBUG BasicTypeRegistry:156 - Adding type registration java.time.ZonedDateTime -> org.hibernate.type.ZonedDateTimeType@4d0f2471
20:14:58,615 DEBUG BasicTypeRegistry:156 - Adding type registration date -> org.hibernate.type.DateType@6da21078
20:14:58,615 DEBUG BasicTypeRegistry:156 - Adding type registration java.sql.Date -> org.hibernate.type.DateType@6da21078
20:14:58,616 DEBUG BasicTypeRegistry:156 - Adding type registration time -> org.hibernate.type.TimeType@20ccf40b
20:14:58,616 DEBUG BasicTypeRegistry:156 - Adding type registration java.sql.Time -> org.hibernate.type.TimeType@20ccf40b
20:14:58,617 DEBUG BasicTypeRegistry:156 - Adding type registration timestamp -> org.hibernate.type.TimestampType@47987356
20:14:58,617 DEBUG BasicTypeRegistry:156 - Adding type registration java.sql.Timestamp -> org.hibernate.type.TimestampType@47987356
20:14:58,617 DEBUG BasicTypeRegistry:156 - Adding type registration java.util.Date -> org.hibernate.type.TimestampType@47987356
20:14:58,619 DEBUG BasicTypeRegistry:156 - Adding type registration dbtimestamp -> org.hibernate.type.DbTimestampType@3b6ddd1d
20:14:58,620 DEBUG BasicTypeRegistry:156 - Adding type registration calendar -> org.hibernate.type.CalendarType@2f217633
20:14:58,620 DEBUG BasicTypeRegistry:156 - Adding type registration java.util.Calendar -> org.hibernate.type.CalendarType@2f217633
20:14:58,620 DEBUG BasicTypeRegistry:156 - Adding type registration java.util.GregorianCalendar -> org.hibernate.type.CalendarType@2f217633
20:14:58,620 DEBUG BasicTypeRegistry:156 - Adding type registration calendar_date -> org.hibernate.type.CalendarDateType@5acf93bb
20:14:58,621 DEBUG BasicTypeRegistry:156 - Adding type registration locale -> org.hibernate.type.LocaleType@66d3eec0
20:14:58,621 DEBUG BasicTypeRegistry:156 - Adding type registration java.util.Locale -> org.hibernate.type.LocaleType@66d3eec0
20:14:58,622 DEBUG BasicTypeRegistry:156 - Adding type registration currency -> org.hibernate.type.CurrencyType@58695725
20:14:58,622 DEBUG BasicTypeRegistry:156 - Adding type registration java.util.Currency -> org.hibernate.type.CurrencyType@58695725
20:14:58,623 DEBUG BasicTypeRegistry:156 - Adding type registration timezone -> org.hibernate.type.TimeZoneType@25fb8912
20:14:58,623 DEBUG BasicTypeRegistry:156 - Adding type registration java.util.TimeZone -> org.hibernate.type.TimeZoneType@25fb8912
20:14:58,623 DEBUG BasicTypeRegistry:156 - Adding type registration class -> org.hibernate.type.ClassType@5ba3f27a
20:14:58,624 DEBUG BasicTypeRegistry:156 - Adding type registration java.lang.Class -> org.hibernate.type.ClassType@5ba3f27a
20:14:58,624 DEBUG BasicTypeRegistry:156 - Adding type registration uuid-binary -> org.hibernate.type.UUIDBinaryType@52af26ee
20:14:58,624 DEBUG BasicTypeRegistry:156 - Adding type registration java.util.UUID -> org.hibernate.type.UUIDBinaryType@52af26ee
20:14:58,625 DEBUG BasicTypeRegistry:156 - Adding type registration uuid-char -> org.hibernate.type.UUIDCharType@bae7dc0
20:14:58,625 DEBUG BasicTypeRegistry:156 - Adding type registration binary -> org.hibernate.type.BinaryType@2ed2d9cb
20:14:58,626 DEBUG BasicTypeRegistry:156 - Adding type registration byte[] -> org.hibernate.type.BinaryType@2ed2d9cb
20:14:58,626 DEBUG BasicTypeRegistry:156 - Adding type registration [B -> org.hibernate.type.BinaryType@2ed2d9cb
20:14:58,626 DEBUG BasicTypeRegistry:156 - Adding type registration wrapper-binary -> org.hibernate.type.WrapperBinaryType@5d0a1059
20:14:58,627 DEBUG BasicTypeRegistry:156 - Adding type registration Byte[] -> org.hibernate.type.WrapperBinaryType@5d0a1059
20:14:58,627 DEBUG BasicTypeRegistry:156 - Adding type registration [Ljava.lang.Byte; -> org.hibernate.type.WrapperBinaryType@5d0a1059
20:14:58,627 DEBUG BasicTypeRegistry:156 - Adding type registration row_version -> org.hibernate.type.RowVersionType@5a56cdac
20:14:58,628 DEBUG BasicTypeRegistry:156 - Adding type registration image -> org.hibernate.type.ImageType@5b03b9fe
20:14:58,629 DEBUG BasicTypeRegistry:156 - Adding type registration characters -> org.hibernate.type.CharArrayType@3ee37e5a
20:14:58,629 DEBUG BasicTypeRegistry:156 - Adding type registration char[] -> org.hibernate.type.CharArrayType@3ee37e5a
20:14:58,629 DEBUG BasicTypeRegistry:156 - Adding type registration [C -> org.hibernate.type.CharArrayType@3ee37e5a
20:14:58,630 DEBUG BasicTypeRegistry:156 - Adding type registration wrapper-characters -> org.hibernate.type.CharacterArrayType@17497425
20:14:58,630 DEBUG BasicTypeRegistry:156 - Adding type registration [Ljava.lang.Character; -> org.hibernate.type.CharacterArrayType@17497425
20:14:58,630 DEBUG BasicTypeRegistry:156 - Adding type registration Character[] -> org.hibernate.type.CharacterArrayType@17497425
20:14:58,630 DEBUG BasicTypeRegistry:156 - Adding type registration text -> org.hibernate.type.TextType@ffaa6af
20:14:58,630 DEBUG BasicTypeRegistry:156 - Adding type registration ntext -> org.hibernate.type.NTextType@6404f418
20:14:58,632 DEBUG BasicTypeRegistry:156 - Adding type registration blob -> org.hibernate.type.BlobType@2c1b194a
20:14:58,632 DEBUG BasicTypeRegistry:156 - Adding type registration java.sql.Blob -> org.hibernate.type.BlobType@2c1b194a
20:14:58,632 DEBUG BasicTypeRegistry:156 - Adding type registration materialized_blob -> org.hibernate.type.MaterializedBlobType@550dbc7a
20:14:58,633 DEBUG BasicTypeRegistry:156 - Adding type registration clob -> org.hibernate.type.ClobType@3cebbb30
20:14:58,634 DEBUG BasicTypeRegistry:156 - Adding type registration java.sql.Clob -> org.hibernate.type.ClobType@3cebbb30
20:14:58,635 DEBUG BasicTypeRegistry:156 - Adding type registration nclob -> org.hibernate.type.NClobType@27462a88
20:14:58,635 DEBUG BasicTypeRegistry:156 - Adding type registration java.sql.NClob -> org.hibernate.type.NClobType@27462a88
20:14:58,636 DEBUG BasicTypeRegistry:156 - Adding type registration materialized_clob -> org.hibernate.type.MaterializedClobType@51e69659
20:14:58,636 DEBUG BasicTypeRegistry:156 - Adding type registration materialized_nclob -> org.hibernate.type.MaterializedNClobType@61001b64
20:14:58,637 DEBUG BasicTypeRegistry:156 - Adding type registration serializable -> org.hibernate.type.SerializableType@1b11171f
20:14:58,640 DEBUG BasicTypeRegistry:156 - Adding type registration object -> org.hibernate.type.ObjectType@13fd2ccd
20:14:58,640 DEBUG BasicTypeRegistry:156 - Adding type registration java.lang.Object -> org.hibernate.type.ObjectType@13fd2ccd
20:14:58,640 DEBUG BasicTypeRegistry:156 - Adding type registration imm_date -> org.hibernate.type.AdaptedImmutableType@7d4f9aae
20:14:58,641 DEBUG BasicTypeRegistry:156 - Adding type registration imm_time -> org.hibernate.type.AdaptedImmutableType@72e5a8e
20:14:58,641 DEBUG BasicTypeRegistry:156 - Adding type registration imm_timestamp -> org.hibernate.type.AdaptedImmutableType@54e1c68b
20:14:58,641 DEBUG BasicTypeRegistry:156 - Adding type registration imm_dbtimestamp -> org.hibernate.type.AdaptedImmutableType@53aac487
20:14:58,641 DEBUG BasicTypeRegistry:156 - Adding type registration imm_calendar -> org.hibernate.type.AdaptedImmutableType@52b1beb6
20:14:58,641 DEBUG BasicTypeRegistry:156 - Adding type registration imm_calendar_date -> org.hibernate.type.AdaptedImmutableType@273e7444
20:14:58,641 DEBUG BasicTypeRegistry:156 - Adding type registration imm_binary -> org.hibernate.type.AdaptedImmutableType@7db12bb6
20:14:58,641 DEBUG BasicTypeRegistry:156 - Adding type registration imm_serializable -> org.hibernate.type.AdaptedImmutableType@783a467b
20:14:58,662 DEBUG DefaultIdentifierGeneratorFactory:81 - Registering IdentifierGenerator strategy [uuid2] -> [org.hibernate.id.UUIDGenerator]
20:14:58,663 DEBUG DefaultIdentifierGeneratorFactory:81 - Registering IdentifierGenerator strategy [guid] -> [org.hibernate.id.GUIDGenerator]
20:14:58,664 DEBUG DefaultIdentifierGeneratorFactory:81 - Registering IdentifierGenerator strategy [uuid] -> [org.hibernate.id.UUIDHexGenerator]
20:14:58,664 DEBUG DefaultIdentifierGeneratorFactory:81 - Registering IdentifierGenerator strategy [uuid.hex] -> [org.hibernate.id.UUIDHexGenerator]
20:14:58,665 DEBUG DefaultIdentifierGeneratorFactory:81 - Registering IdentifierGenerator strategy [assigned] -> [org.hibernate.id.Assigned]
20:14:58,666 DEBUG DefaultIdentifierGeneratorFactory:81 - Registering IdentifierGenerator strategy [identity] -> [org.hibernate.id.IdentityGenerator]
20:14:58,666 DEBUG DefaultIdentifierGeneratorFactory:81 - Registering IdentifierGenerator strategy [select] -> [org.hibernate.id.SelectGenerator]
20:14:58,668 DEBUG DefaultIdentifierGeneratorFactory:81 - Registering IdentifierGenerator strategy [sequence] -> [org.hibernate.id.enhanced.SequenceStyleGenerator]
20:14:58,669 DEBUG DefaultIdentifierGeneratorFactory:81 - Registering IdentifierGenerator strategy [seqhilo] -> [org.hibernate.id.SequenceHiLoGenerator]
20:14:58,673 DEBUG DefaultIdentifierGeneratorFactory:81 - Registering IdentifierGenerator strategy [increment] -> [org.hibernate.id.IncrementGenerator]
20:14:58,673 DEBUG DefaultIdentifierGeneratorFactory:81 - Registering IdentifierGenerator strategy [foreign] -> [org.hibernate.id.ForeignGenerator]
20:14:58,674 DEBUG DefaultIdentifierGeneratorFactory:81 - Registering IdentifierGenerator strategy [sequence-identity] -> [org.hibernate.id.SequenceIdentityGenerator]
20:14:58,674 DEBUG DefaultIdentifierGeneratorFactory:81 - Registering IdentifierGenerator strategy [enhanced-sequence] -> [org.hibernate.id.enhanced.SequenceStyleGenerator]
20:14:58,675 DEBUG DefaultIdentifierGeneratorFactory:81 - Registering IdentifierGenerator strategy [enhanced-table] -> [org.hibernate.id.enhanced.TableGenerator]
20:14:58,679  WARN pooling:72 - HHH10001002: Using Hibernate built-in connection pool (not for production use!)
20:14:58,742  INFO pooling:115 - HHH10001005: using driver [oracle.jdbc.driver.OracleDriver] at URL [jdbc:oracle:thin:@//localhost:1521/orcl.168.1.6]
20:14:58,743  INFO pooling:121 - HHH10001001: Connection properties: {user=system, password=9893AaBb}
20:14:58,743  INFO pooling:129 - HHH10001003: Autocommit mode: false
20:14:58,745 DEBUG DriverManagerConnectionProviderImpl:384 - Initializing Connection pool with 1 Connections
20:14:58,745  INFO DriverManagerConnectionProviderImpl:239 - HHH000115: Hibernate connection pool size: 5 (min=1)
20:14:58,918 DEBUG JdbcEnvironmentInitiator:72 - Database ->
       name : Oracle
    version : Oracle Database 11g Enterprise Edition Release 11.2.0.1.0 - 64bit Production
With the Partitioning, OLAP, Data Mining and Real Application Testing options
      major : 11
      minor : 2
20:14:58,919 DEBUG JdbcEnvironmentInitiator:83 - Driver ->
       name : Oracle JDBC driver
    version : 11.2.0.3.0
      major : 11
      minor : 2
20:14:58,919 DEBUG JdbcEnvironmentInitiator:389 - JDBC version : 11.2
20:14:58,929  INFO Dialect:158 - HHH000400: Using dialect: org.hibernate.dialect.Oracle10gDialect
20:14:59,005 DEBUG DefaultSchemaNameResolver:53 - Unable to use Java 1.7 Connection#getSchema
20:14:59,064 DEBUG Namespace:51 - Created database namespace [logicalName=Name{catalog=null, schema=null}, physicalName=Name{catalog=null, schema=null}]
20:14:59,066 DEBUG TypeConfiguration$Scope:152 - Scoping TypeConfiguration [org.hibernate.type.spi.TypeConfiguration@31dadd46] to MetadataBuildingContext [org.hibernate.boot.internal.MetadataBuildingContextRootImpl@4ed5eb72]
20:14:59,100 DEBUG AnnotationBinder:558 - Binding entity from annotated class: com.helloworld.entity.Message
20:14:59,115 DEBUG Ejb3Column:213 - Binding column: Ejb3DiscriminatorColumn{logicalColumnName'DTYPE', discriminatorTypeName='string'}
20:14:59,121 DEBUG EntityBinder:430 - Import with entity name Message
20:14:59,125 DEBUG EntityBinder:873 - Bind entity com.helloworld.entity.Message on table Message
20:14:59,144 DEBUG Ejb3Column:213 - Binding column: Ejb3Column{table=org.hibernate.mapping.Table(Message), mappingColumn=ID, insertable=true, updatable=true, unique=false}
20:14:59,146 DEBUG PropertyBinder:175 - MetadataSourceProcessor property id with lazy=false
20:14:59,148 DEBUG AbstractPropertyHolder:94 - Attempting to locate auto-apply AttributeConverter for property [com.helloworld.entity.Message:id]
20:14:59,151 DEBUG SimpleValueBinder:411 - building SimpleValue for id
20:14:59,155 DEBUG PropertyBinder:266 - Building property id
20:14:59,156 DEBUG BinderHelper:644 - #makeIdGenerator(org.hibernate.mapping.SimpleValue([org.hibernate.mapping.Column(ID)]), id, org.hibernate.id.enhanced.SequenceStyleGenerator, MESSAGE_SEQ, ...)
20:14:59,157 DEBUG BinderHelper:748 - Could not resolve explicit IdentifierGeneratorDefinition - using implicit interpretation (MESSAGE_SEQ)
20:14:59,157 DEBUG BinderHelper:912 - Building implicit generic IdentifierGeneratorDefinition (MESSAGE_SEQ) : org.hibernate.id.enhanced.SequenceStyleGenerator
20:14:59,158 DEBUG Ejb3Column:213 - Binding column: Ejb3Column{table=org.hibernate.mapping.Table(Message), mappingColumn=TEXT, insertable=true, updatable=true, unique=false}
20:14:59,158 DEBUG PropertyBinder:175 - MetadataSourceProcessor property text with lazy=false
20:14:59,159 DEBUG AbstractPropertyHolder:94 - Attempting to locate auto-apply AttributeConverter for property [com.helloworld.entity.Message:text]
20:14:59,159 DEBUG SimpleValueBinder:411 - building SimpleValue for text
20:14:59,159 DEBUG PropertyBinder:266 - Building property text
20:14:59,162 DEBUG SimpleValueBinder:456 - Starting fillSimpleValue for id
20:14:59,162 DEBUG SimpleValueBinder:456 - Starting fillSimpleValue for text
20:14:59,163 DEBUG PrimaryKey:35 - Forcing column [id] to be non-null as it is part of the primary key for table [message]
20:14:59,190 DEBUG SessionFactoryImpl:196 - Building session factory
20:14:59,190 DEBUG Settings:70 - SessionFactory name : null
20:14:59,191 DEBUG Settings:71 - Automatic flush during beforeCompletion(): enabled
20:14:59,191 DEBUG Settings:72 - Automatic session close at end of transaction: disabled
20:14:59,191 DEBUG Settings:74 - Statistics: disabled
20:14:59,191 DEBUG Settings:76 - Deleted entity synthetic identifier rollback: disabled
20:14:59,191 DEBUG Settings:77 - Default entity-mode: pojo
20:14:59,191 DEBUG Settings:78 - Check Nullability in Core (should be disabled when Bean Validation is on): enabled
20:14:59,191 DEBUG Settings:79 - Allow initialization of lazy state outside session : disabled
20:14:59,191 DEBUG Settings:81 - Using BatchFetchStyle : LEGACY
20:14:59,191 DEBUG Settings:82 - Default batch fetch size: -1
20:14:59,191 DEBUG Settings:83 - Maximum outer join fetch depth: null
20:14:59,191 DEBUG Settings:84 - Default null ordering: NONE
20:14:59,192 DEBUG Settings:85 - Order SQL updates by primary key: disabled
20:14:59,192 DEBUG Settings:86 - Order SQL inserts for batching: disabled
20:14:59,192 DEBUG Settings:88 - multi-tenancy strategy : NONE
20:14:59,192 DEBUG Settings:90 - JTA Track by Thread: enabled
20:14:59,192 DEBUG Settings:92 - Query language substitutions: {}
20:14:59,192 DEBUG Settings:93 - Named query checking : enabled
20:14:59,192 DEBUG Settings:95 - Second-level cache: disabled
20:14:59,192 DEBUG Settings:96 - Second-level query cache: disabled
20:14:59,192 DEBUG Settings:97 - Second-level query cache factory: null
20:14:59,192 DEBUG Settings:98 - Second-level cache region prefix: null
20:14:59,192 DEBUG Settings:99 - Optimize second-level cache for minimal puts: disabled
20:14:59,193 DEBUG Settings:100 - Structured second-level cache entries: disabled
20:14:59,193 DEBUG Settings:101 - Second-level cache direct-reference entries: disabled
20:14:59,193 DEBUG Settings:102 - Automatic eviction of collection cache: disabled
20:14:59,193 DEBUG Settings:104 - JDBC batch size: 15
20:14:59,193 DEBUG Settings:105 - JDBC batch updates for versioned data: disabled
20:14:59,193 DEBUG Settings:106 - Scrollable result sets: enabled
20:14:59,193 DEBUG Settings:107 - Wrap result sets: disabled
20:14:59,193 DEBUG Settings:108 - JDBC3 getGeneratedKeys(): disabled
20:14:59,193 DEBUG Settings:109 - JDBC result set fetch size: null
20:14:59,193 DEBUG Settings:110 - Connection release mode: AFTER_TRANSACTION
20:14:59,193 DEBUG Settings:111 - Generate SQL with comments: disabled
20:14:59,193 DEBUG Settings:113 - JPA compliance - query : 
20:14:59,194 DEBUG Settings:114 - JPA compliance - closed-handling : 
20:14:59,194 DEBUG Settings:115 - JPA compliance - lists : 
20:14:59,194 DEBUG Settings:116 - JPA compliance - transactions : 
20:14:59,240 DEBUG SessionFactoryImpl:251 - Session factory constructed with filter configurations : {}
20:14:59,240 DEBUG SessionFactoryImpl:252 - Instantiating session factory with properties: {sun.desktop=windows, awt.toolkit=sun.awt.windows.WToolkit, dialect=org.hibernate.dialect.Oracle10gDialect, file.encoding.pkg=sun.io, java.specification.version=1.8, sun.cpu.isalist=amd64, sun.jnu.encoding=Cp1252, hibernate.dialect=org.hibernate.dialect.Oracle10gDialect, java.class.path=F:\GitWorkSpace\GITOxygen\UdemyHibernate\helloWorldHibernate\helloWorldHibernate\target\classes;C:\Users\Taher\.m2\repository\org\hibernate\hibernate-core\5.4.1.Final\hibernate-core-5.4.1.Final.jar;C:\Users\Taher\.m2\repository\org\jboss\logging\jboss-logging\3.3.2.Final\jboss-logging-3.3.2.Final.jar;C:\Users\Taher\.m2\repository\javax\persistence\javax.persistence-api\2.2\javax.persistence-api-2.2.jar;C:\Users\Taher\.m2\repository\org\javassist\javassist\3.24.0-GA\javassist-3.24.0-GA.jar;C:\Users\Taher\.m2\repository\net\bytebuddy\byte-buddy\1.9.5\byte-buddy-1.9.5.jar;C:\Users\Taher\.m2\repository\antlr\antlr\2.7.7\antlr-2.7.7.jar;C:\Users\Taher\.m2\repository\org\jboss\spec\javax\transaction\jboss-transaction-api_1.2_spec\1.1.1.Final\jboss-transaction-api_1.2_spec-1.1.1.Final.jar;C:\Users\Taher\.m2\repository\org\jboss\jandex\2.0.5.Final\jandex-2.0.5.Final.jar;C:\Users\Taher\.m2\repository\com\fasterxml\classmate\1.3.4\classmate-1.3.4.jar;C:\Users\Taher\.m2\repository\javax\activation\javax.activation-api\1.2.0\javax.activation-api-1.2.0.jar;C:\Users\Taher\.m2\repository\org\dom4j\dom4j\2.1.1\dom4j-2.1.1.jar;C:\Users\Taher\.m2\repository\org\hibernate\common\hibernate-commons-annotations\5.1.0.Final\hibernate-commons-annotations-5.1.0.Final.jar;C:\Users\Taher\.m2\repository\javax\xml\bind\jaxb-api\2.3.1\jaxb-api-2.3.1.jar;C:\Users\Taher\.m2\repository\org\glassfish\jaxb\jaxb-runtime\2.3.1\jaxb-runtime-2.3.1.jar;C:\Users\Taher\.m2\repository\org\glassfish\jaxb\txw2\2.3.1\txw2-2.3.1.jar;C:\Users\Taher\.m2\repository\com\sun\istack\istack-commons-runtime\3.0.7\istack-commons-runtime-3.0.7.jar;C:\Users\Taher\.m2\repository\org\jvnet\staxex\stax-ex\1.8\stax-ex-1.8.jar;C:\Users\Taher\.m2\repository\com\sun\xml\fastinfoset\FastInfoset\1.2.15\FastInfoset-1.2.15.jar;C:\Users\Taher\.m2\repository\org\hibernate\javax\persistence\hibernate-jpa-2.1-api\1.0.2.Final\hibernate-jpa-2.1-api-1.0.2.Final.jar;C:\Users\Taher\.m2\repository\com\oracle\ojdbc6\11.2.0.3\ojdbc6-11.2.0.3.jar;C:\Users\Taher\.m2\repository\log4j\log4j\1.2.17\log4j-1.2.17.jar, java.vm.vendor=Oracle Corporation, sun.arch.data.model=64, user.variant=, java.vendor.url=http://java.oracle.com/, user.timezone=Asia/Calcutta, os.name=Windows 10, java.vm.specification.version=1.8, current_session_context_class=thread, user.country=IN, sun.java.launcher=SUN_STANDARD, sun.boot.library.path=C:\Program Files\Java\jdk1.8.0_172\jre\bin, sun.java.command=com.helloworld.client.HibernateUtil, sun.cpu.endian=little, user.home=C:\Users\Taher, user.language=en, java.specification.vendor=Oracle Corporation, java.home=C:\Program Files\Java\jdk1.8.0_172\jre, file.separator=\, line.separator=
, java.vm.specification.vendor=Oracle Corporation, java.specification.name=Java Platform API Specification, java.awt.graphicsenv=sun.awt.Win32GraphicsEnvironment, sun.boot.class.path=C:\Program Files\Java\jdk1.8.0_172\jre\lib\resources.jar;C:\Program Files\Java\jdk1.8.0_172\jre\lib\rt.jar;C:\Program Files\Java\jdk1.8.0_172\jre\lib\sunrsasign.jar;C:\Program Files\Java\jdk1.8.0_172\jre\lib\jsse.jar;C:\Program Files\Java\jdk1.8.0_172\jre\lib\jce.jar;C:\Program Files\Java\jdk1.8.0_172\jre\lib\charsets.jar;C:\Program Files\Java\jdk1.8.0_172\jre\lib\jfr.jar;C:\Program Files\Java\jdk1.8.0_172\jre\classes, user.script=, connection.password=9893AaBb, sun.management.compiler=HotSpot 64-Bit Tiered Compilers, java.runtime.version=1.8.0_172-b11, user.name=Taher, path.separator=;, hibernate.connection.username=****, os.version=10.0, java.endorsed.dirs=C:\Program Files\Java\jdk1.8.0_172\jre\lib\endorsed, java.runtime.name=Java(TM) SE Runtime Environment, hibernate.connection.url=jdbc:oracle:thin:@//localhost:1521/orcl.168.1.6, connection.pool_size=5, file.encoding=Cp1252, java.vm.name=Java HotSpot(TM) 64-Bit Server VM, hibernate.current_session_context_class=thread, hibernate.connection.driver_class=oracle.jdbc.driver.OracleDriver, java.vendor.url.bug=http://bugreport.sun.com/bugreport/, java.io.tmpdir=C:\Users\Taher\AppData\Local\Temp\, java.version=1.8.0_172, user.dir=F:\GitWorkSpace\GITOxygen\UdemyHibernate\helloWorldHibernate\helloWorldHibernate, os.arch=amd64, connection.username=system, java.vm.specification.name=Java Virtual Machine Specification, hibernate.connection.password=****, java.awt.printerjob=sun.awt.windows.WPrinterJob, sun.os.patch.level=, connection.driver_class=oracle.jdbc.driver.OracleDriver, hibernate.boot.CfgXmlAccessService.key=org.hibernate.boot.cfgxml.spi.LoadedConfig@482d776b, java.library.path=C:\Program Files\Java\jdk1.8.0_172\bin;C:\windows\Sun\Java\bin;C:\windows\system32;C:\windows;C:/Program Files/Java/jre1.8.0_172/bin/server;C:/Program Files/Java/jre1.8.0_172/bin;C:/Program Files/Java/jre1.8.0_172/lib/amd64;C:\Program Files (x86)\Common Files\Oracle\Java\javapath;H:\oracle\app\product\11.2.0\dbhome_1\bin;C:\windows\system32;C:\windows;C:\windows\System32\Wbem;C:\windows\System32\WindowsPowerShell\v1.0\;C:\windows\System32\OpenSSH\;C:\Program Files (x86)\Intel\Intel(R) Management Engine Components\DAL;C:\Program Files\Intel\Intel(R) Management Engine Components\DAL;C:\Program Files (x86)\Intel\Intel(R) Management Engine Components\IPT;C:\Program Files\Intel\Intel(R) Management Engine Components\IPT;C:\Program Files (x86)\NVIDIA Corporation\PhysX\Common;C:\Users\Taher\AppData\Local\Microsoft\WindowsApps;;H:\Softwares\Eclipse\Oxygen\eclipse-jee-oxygen-M2-win32-x86_64\eclipse;;., java.vm.info=mixed mode, java.vendor=Oracle Corporation, java.vm.version=25.172-b11, hibernate.bytecode.use_reflection_optimizer=false, hibernate.connection.pool_size=5, java.ext.dirs=C:\Program Files\Java\jdk1.8.0_172\jre\lib\ext;C:\windows\Sun\Java\lib\ext, sun.io.unicode.encoding=UnicodeLittle, connection.url=jdbc:oracle:thin:@//localhost:1521/orcl.168.1.6, java.class.version=52.0}
20:14:59,250 DEBUG JaccIntegrator:80 - Skipping JACC integration as it was not enabled
20:14:59,252 DEBUG SessionFactoryImpl:291 - Instantiated session factory
20:14:59,252 DEBUG TypeConfiguration$Scope:157 - Scoping TypeConfiguration [org.hibernate.type.spi.TypeConfiguration@31dadd46] to SessionFactoryImpl [org.hibernate.internal.SessionFactoryImpl@7fcbe147]
20:14:59,293 DEBUG ClassLoaderAccessImpl:60 - Not known whether passed class name [com.helloworld.entity.Message] is safe
20:14:59,294 DEBUG ClassLoaderAccessImpl:62 - No temp ClassLoader provided; using live ClassLoader for loading potentially unsafe class : com.helloworld.entity.Message
20:14:59,312 DEBUG ClassLoaderAccessImpl:60 - Not known whether passed class name [com.helloworld.entity.Message] is safe
20:14:59,312 DEBUG ClassLoaderAccessImpl:62 - No temp ClassLoader provided; using live ClassLoader for loading potentially unsafe class : com.helloworld.entity.Message
20:14:59,495 DEBUG AbstractEntityPersister:3784 - Static SQL for entity: com.helloworld.entity.Message
20:14:59,495 DEBUG AbstractEntityPersister:3789 -  Version select: select ID from Message where ID =?
20:14:59,496 DEBUG AbstractEntityPersister:3792 -  Snapshot select: select message_.ID, message_.TEXT as TEXT2_0_ from Message message_ where message_.ID=?
20:14:59,496 DEBUG AbstractEntityPersister:394 -  Insert 0: insert into Message (TEXT, ID) values (?, ?)
20:14:59,496 DEBUG AbstractEntityPersister:394 -  Update 0: update Message set TEXT=? where ID=?
20:14:59,496 DEBUG AbstractEntityPersister:394 -  Delete 0: delete from Message where ID=?
20:14:59,513 DEBUG QuerySpacesImpl:174 - Adding QuerySpace : uid = <gen:0> -> org.hibernate.loader.plan.build.internal.spaces.EntityQuerySpaceImpl@5e8a459]
20:14:59,514 DEBUG MetamodelGraphWalker:146 - Visiting attribute path : text
20:14:59,514 DEBUG FetchStyleLoadPlanBuildingAssociationVisitationStrategy:150 - Building LoadPlan...
20:14:59,525 DEBUG LoadQueryJoinAndFetchProcessor:102 - processing queryspace <gen:0>
20:14:59,529 DEBUG LoadPlanTreePrinter:55 - LoadPlan(entity=com.helloworld.entity.Message)
    - Returns
       - EntityReturnImpl(entity=com.helloworld.entity.Message, querySpaceUid=<gen:0>, path=com.helloworld.entity.Message)
    - QuerySpaces
       - EntityQuerySpaceImpl(uid=<gen:0>, entity=com.helloworld.entity.Message)
          - SQL table alias mapping - message0_
          - alias suffix - 0_
          - suffixed key columns - {ID1_0_0_}

20:14:59,531 DEBUG EntityLoader:137 - Static select for entity com.helloworld.entity.Message [NONE]: select message0_.ID as ID1_0_0_, message0_.TEXT as TEXT2_0_0_ from Message message0_ where message0_.ID=?
20:14:59,531 DEBUG QuerySpacesImpl:174 - Adding QuerySpace : uid = <gen:0> -> org.hibernate.loader.plan.build.internal.spaces.EntityQuerySpaceImpl@56f2bbea]
20:14:59,531 DEBUG MetamodelGraphWalker:146 - Visiting attribute path : text
20:14:59,531 DEBUG FetchStyleLoadPlanBuildingAssociationVisitationStrategy:150 - Building LoadPlan...
20:14:59,531 DEBUG LoadQueryJoinAndFetchProcessor:102 - processing queryspace <gen:0>
20:14:59,531 DEBUG LoadPlanTreePrinter:55 - LoadPlan(entity=com.helloworld.entity.Message)
    - Returns
       - EntityReturnImpl(entity=com.helloworld.entity.Message, querySpaceUid=<gen:0>, path=com.helloworld.entity.Message)
    - QuerySpaces
       - EntityQuerySpaceImpl(uid=<gen:0>, entity=com.helloworld.entity.Message)
          - SQL table alias mapping - message0_
          - alias suffix - 0_
          - suffixed key columns - {ID1_0_0_}

20:14:59,532 DEBUG EntityLoader:137 - Static select for entity com.helloworld.entity.Message [READ]: select message0_.ID as ID1_0_0_, message0_.TEXT as TEXT2_0_0_ from Message message0_ where message0_.ID=?
20:14:59,546 DEBUG Loader:38 - Static select for action ACTION_MERGE on entity com.helloworld.entity.Message: select message0_.ID as ID1_0_0_, message0_.TEXT as TEXT2_0_0_ from Message message0_ where message0_.ID=?
20:14:59,546 DEBUG Loader:38 - Static select for action ACTION_REFRESH on entity com.helloworld.entity.Message: select message0_.ID as ID1_0_0_, message0_.TEXT as TEXT2_0_0_ from Message message0_ where message0_.ID=?
20:14:59,570 DEBUG SchemaManagementToolCoordinator:56 - No actions specified; doing nothing
20:14:59,575 DEBUG NamedQueryRepository:151 - Checking 0 named HQL queries
20:14:59,575 DEBUG NamedQueryRepository:167 - Checking 0 named SQL queries
20:14:59,577 DEBUG SessionFactoryRegistry:52 - Initializing SessionFactoryRegistry : org.hibernate.internal.SessionFactoryRegistry@73eb8672
20:14:59,578 DEBUG SessionFactoryRegistry:74 - Registering SessionFactory: 81498cb0-9864-4e2f-b8ce-139ccdd315c1 (<unnamed>)
20:14:59,578 DEBUG SessionFactoryRegistry:81 - Not binding SessionFactory to JNDI, no JNDI name configured
20:14:59,658 DEBUG StatisticsInitiator:101 - Statistics initialized [enabled=false]
20:14:59,666 DEBUG TransactionImpl:56 - On TransactionImpl creation, JpaCompliance#isJpaTransactionComplianceEnabled == false
20:14:59,706 DEBUG TransactionImpl:84 - begin
20:14:59,711 DEBUG SQL:94 - select MESSAGE_SEQ.nextval from dual
20:14:59,749 DEBUG SequenceStructure:101 - Sequence value obtained: 30
20:14:59,749 DEBUG ResourceRegistryStandardImpl:87 - HHH000387: ResultSet's statement was not registered
20:14:59,750 DEBUG AbstractSaveEventListener:132 - Generated identifier: 30, using strategy: org.hibernate.id.enhanced.SequenceStyleGenerator
20:14:59,761 DEBUG TransactionImpl:101 - committing
20:14:59,762 DEBUG AbstractFlushingEventListener:141 - Processing flush-time cascades
20:14:59,763 DEBUG AbstractFlushingEventListener:193 - Dirty checking collections
20:14:59,765 DEBUG AbstractFlushingEventListener:115 - Flushed: 1 insertions, 0 updates, 0 deletions to 1 objects
20:14:59,767 DEBUG AbstractFlushingEventListener:122 - Flushed: 0 (re)creations, 0 updates, 0 removals to 0 collections
20:14:59,769 DEBUG EntityPrinter:102 - Listing entities:
20:14:59,770 DEBUG EntityPrinter:109 - com.helloworld.entity.Message{id=30, text=Hello Hibernate logging}
20:14:59,772 DEBUG SQL:94 - insert into Message (TEXT, ID) values (?, ?)
20:14:59,775 TRACE BasicBinder:65 - binding parameter [1] as [VARCHAR] - [Hello Hibernate logging]
20:14:59,775 TRACE BasicBinder:65 - binding parameter [2] as [INTEGER] - [30]
20:14:59,779 DEBUG LogicalConnectionManagedImpl:161 - Initiating JDBC connection release from afterTransaction
20:14:59,780 DEBUG SynchronizationRegistryStandardImpl:103 - Clearing local Synchronizations
20:14:59,780 DEBUG LogicalConnectionManagedImpl:161 - Initiating JDBC connection release from afterTransaction
20:15:23,795 DEBUG SQL:94 - select MESSAGE_SEQ.nextval from dual
20:15:23,847 DEBUG SQL:94 - insert into Message (TEXT, ID) values (?, ?)
20:15:23,857 TRACE BasicBinder:65 - binding parameter [1] as [VARCHAR] - [Hello Hibernate logging]
20:15:23,858 TRACE BasicBinder:65 - binding parameter [2] as [INTEGER] - [31]
20:15:47,399 DEBUG SQL:94 - select MESSAGE_SEQ.nextval from dual
20:15:47,454 DEBUG SQL:94 - insert into Message (TEXT, ID) values (?, ?)
20:15:56,725 DEBUG SQL:94 - select MESSAGE_SEQ.nextval from dual
20:15:56,777 DEBUG SQL:94 - insert into Message (TEXT, ID) values (?, ?)
20:15:56,785 TRACE BasicBinder:65 - binding parameter [1] as [VARCHAR] - [Hello Hibernate logging]
20:15:56,786 TRACE BasicBinder:65 - binding parameter [2] as [INTEGER] - [33]
21:20:17,850 DEBUG SQL:94 - select MESSAGE_SEQ.nextval from dual
21:20:47,285 DEBUG SQL:94 - insert into Message (TEXT, ID) values (?, ?)
21:20:47,418 TRACE BasicBinder:65 - binding parameter [1] as [VARCHAR] - [Hello Hibernate logging]
21:20:47,434 TRACE BasicBinder:65 - binding parameter [2] as [INTEGER] - [34]
21:22:05,487 DEBUG SQL:94 - select MESSAGE_SEQ.nextval from dual
21:22:07,454 DEBUG SQL:94 - insert into Message (TEXT, ID) values (?, ?)
21:22:07,623 TRACE BasicBinder:65 - binding parameter [1] as [VARCHAR] - [Hello Hibernate logging]
21:22:07,632 TRACE BasicBinder:65 - binding parameter [2] as [INTEGER] - [35]
21:23:00,771 DEBUG SQL:94 - select MESSAGE_SEQ.nextval from dual
21:23:02,277 DEBUG SQL:94 - insert into Message (TEXT, ID) values (?, ?)
21:23:02,461 TRACE BasicBinder:65 - binding parameter [1] as [VARCHAR] - [Hello Hibernate logging]
21:23:02,470 TRACE BasicBinder:65 - binding parameter [2] as [INTEGER] - [36]
21:24:08,372 DEBUG SQL:94 - select MESSAGE_SEQ.nextval from dual
21:24:11,156 DEBUG SQL:94 - insert into Message (TEXT, ID) values (?, ?)
21:24:11,256 TRACE BasicBinder:65 - binding parameter [1] as [VARCHAR] - [Hello Hibernate logging]
21:24:11,263 TRACE BasicBinder:65 - binding parameter [2] as [INTEGER] - [37]
21:24:27,448 DEBUG SQL:94 - select message0_.ID as ID1_0_0_, message0_.TEXT as TEXT2_0_0_ from Message message0_ where message0_.ID=?
21:24:27,477 TRACE BasicBinder:65 - binding parameter [1] as [INTEGER] - [1]
21:25:06,557 DEBUG SQL:94 - select MESSAGE_SEQ.nextval from dual
21:25:08,582 DEBUG SQL:94 - insert into Message (TEXT, ID) values (?, ?)
21:25:08,748 TRACE BasicBinder:65 - binding parameter [1] as [VARCHAR] - [Hello Hibernate logging]
21:25:08,757 TRACE BasicBinder:65 - binding parameter [2] as [INTEGER] - [38]
21:25:12,745 DEBUG SQL:94 - select message0_.ID as ID1_0_0_, message0_.TEXT as TEXT2_0_0_ from Message message0_ where message0_.ID=?
21:25:12,771 TRACE BasicBinder:65 - binding parameter [1] as [INTEGER] - [38]
21:52:21,173 DEBUG SQL:94 - select MESSAGE_SEQ.nextval from dual
21:52:22,545 DEBUG SQL:94 - insert into Message (TEXT, ID) values (?, ?)
21:52:22,698 TRACE BasicBinder:65 - binding parameter [1] as [VARCHAR] - [Hello Hibernate logging]
21:52:22,707 TRACE BasicBinder:65 - binding parameter [2] as [INTEGER] - [39]
21:52:55,410 DEBUG SQL:94 - select MESSAGE_SEQ.nextval from dual
21:52:56,759 DEBUG SQL:94 - insert into Message (TEXT, ID) values (?, ?)
21:52:56,865 TRACE BasicBinder:65 - binding parameter [1] as [VARCHAR] - [Hello Hibernate logging]
21:52:56,874 TRACE BasicBinder:65 - binding parameter [2] as [INTEGER] - [40]
21:53:05,080 DEBUG SQL:94 - select message0_.ID as ID1_0_0_, message0_.TEXT as TEXT2_0_0_ from Message message0_ where message0_.ID=?
21:53:05,089 TRACE BasicBinder:65 - binding parameter [1] as [INTEGER] - [40]
22:53:06,069 DEBUG SQL:94 - select MESSAGE_SEQ.nextval from dual
22:53:11,212 DEBUG SQL:94 - insert into Message (TEXT, ID) values (?, ?)
22:53:11,346 TRACE BasicBinder:65 - binding parameter [1] as [VARCHAR] - [Hello Hibernate logging]
22:53:11,359 TRACE BasicBinder:65 - binding parameter [2] as [INTEGER] - [41]
22:53:29,225 DEBUG SQL:94 - select message0_.ID as ID1_0_0_, message0_.TEXT as TEXT2_0_0_ from Message message0_ where message0_.ID=?
22:53:29,256 TRACE BasicBinder:65 - binding parameter [1] as [INTEGER] - [41]
22:53:50,832 DEBUG SQL:94 - select message0_.ID as ID1_0_0_, message0_.TEXT as TEXT2_0_0_ from Message message0_ where message0_.ID=?
22:53:50,850 TRACE BasicBinder:65 - binding parameter [1] as [INTEGER] - [41]
22:54:05,636 DEBUG SQL:94 - update Message set TEXT=? where ID=?
22:54:05,650 TRACE BasicBinder:65 - binding parameter [1] as [VARCHAR] - [Hello Hibernate logg]
22:54:05,661 TRACE BasicBinder:65 - binding parameter [2] as [INTEGER] - [41]
22:54:34,286 DEBUG SQL:94 - select MESSAGE_SEQ.nextval from dual
22:54:34,338 DEBUG SQL:94 - insert into Message (TEXT, ID) values (?, ?)
22:54:34,345 TRACE BasicBinder:65 - binding parameter [1] as [VARCHAR] - [Hello Hibernate logging]
22:54:34,346 TRACE BasicBinder:65 - binding parameter [2] as [INTEGER] - [42]
22:54:34,358 DEBUG SQL:94 - select message0_.ID as ID1_0_0_, message0_.TEXT as TEXT2_0_0_ from Message message0_ where message0_.ID=?
22:54:34,359 TRACE BasicBinder:65 - binding parameter [1] as [INTEGER] - [42]
22:54:34,367 DEBUG SQL:94 - select message0_.ID as ID1_0_0_, message0_.TEXT as TEXT2_0_0_ from Message message0_ where message0_.ID=?
22:54:34,367 TRACE BasicBinder:65 - binding parameter [1] as [INTEGER] - [42]
22:54:34,369 DEBUG SQL:94 - update Message set TEXT=? where ID=?
22:54:34,369 TRACE BasicBinder:65 - binding parameter [1] as [VARCHAR] - [Hello Hibernate logg]
22:54:34,370 TRACE BasicBinder:65 - binding parameter [2] as [INTEGER] - [42]
22:55:11,540 DEBUG SQL:94 - select MESSAGE_SEQ.nextval from dual
22:55:13,480 DEBUG SQL:94 - insert into Message (TEXT, ID) values (?, ?)
22:55:13,626 TRACE BasicBinder:65 - binding parameter [1] as [VARCHAR] - [Hello Hibernate logging]
22:55:13,636 TRACE BasicBinder:65 - binding parameter [2] as [INTEGER] - [43]
22:55:15,566 DEBUG SQL:94 - select message0_.ID as ID1_0_0_, message0_.TEXT as TEXT2_0_0_ from Message message0_ where message0_.ID=?
22:55:15,575 TRACE BasicBinder:65 - binding parameter [1] as [INTEGER] - [43]
22:55:20,931 DEBUG SQL:94 - select message0_.ID as ID1_0_0_, message0_.TEXT as TEXT2_0_0_ from Message message0_ where message0_.ID=?
22:55:20,953 TRACE BasicBinder:65 - binding parameter [1] as [INTEGER] - [43]
22:55:25,465 DEBUG SQL:94 - update Message set TEXT=? where ID=?
22:55:25,485 TRACE BasicBinder:65 - binding parameter [1] as [VARCHAR] - [Hello Hibernate logg]
22:55:25,502 TRACE BasicBinder:65 - binding parameter [2] as [INTEGER] - [43]
22:56:03,681 DEBUG SQL:94 - select MESSAGE_SEQ.nextval from dual
22:56:04,943 DEBUG SQL:94 - insert into Message (TEXT, ID) values (?, ?)
22:56:05,149 TRACE BasicBinder:65 - binding parameter [1] as [VARCHAR] - [Hello Hibernate logging]
22:56:05,158 TRACE BasicBinder:65 - binding parameter [2] as [INTEGER] - [44]
22:56:14,049 DEBUG SQL:94 - select message0_.ID as ID1_0_0_, message0_.TEXT as TEXT2_0_0_ from Message message0_ where message0_.ID=?
22:56:14,076 TRACE BasicBinder:65 - binding parameter [1] as [INTEGER] - [44]
22:56:27,634 DEBUG SQL:94 - select message0_.ID as ID1_0_0_, message0_.TEXT as TEXT2_0_0_ from Message message0_ where message0_.ID=?
22:56:27,653 TRACE BasicBinder:65 - binding parameter [1] as [INTEGER] - [44]
22:56:53,642 DEBUG SQL:94 - update Message set TEXT=? where ID=?
22:56:53,659 TRACE BasicBinder:65 - binding parameter [1] as [VARCHAR] - [Hello Hibernate logg]
22:56:53,674 TRACE BasicBinder:65 - binding parameter [2] as [INTEGER] - [44]
22:58:04,220 DEBUG SQL:94 - select MESSAGE_SEQ.nextval from dual
22:58:05,204 DEBUG SQL:94 - insert into Message (TEXT, ID) values (?, ?)
22:58:05,236 TRACE BasicBinder:65 - binding parameter [1] as [VARCHAR] - [Hello Hibernate logging]
22:58:05,238 TRACE BasicBinder:65 - binding parameter [2] as [INTEGER] - [45]
22:58:05,823 DEBUG SQL:94 - select message0_.ID as ID1_0_0_, message0_.TEXT as TEXT2_0_0_ from Message message0_ where message0_.ID=?
22:58:05,826 TRACE BasicBinder:65 - binding parameter [1] as [INTEGER] - [45]
22:58:07,768 DEBUG SQL:94 - select message0_.ID as ID1_0_0_, message0_.TEXT as TEXT2_0_0_ from Message message0_ where message0_.ID=?
22:58:07,770 TRACE BasicBinder:65 - binding parameter [1] as [INTEGER] - [45]
22:58:15,612 DEBUG SQL:94 - update Message set TEXT=? where ID=?
22:58:15,630 TRACE BasicBinder:65 - binding parameter [1] as [VARCHAR] - [Hello Hibernate logg]
22:58:15,642 TRACE BasicBinder:65 - binding parameter [2] as [INTEGER] - [45]
22:59:59,214 DEBUG SQL:94 - select MESSAGE_SEQ.nextval from dual
22:59:59,277 DEBUG SQL:94 - insert into Message (TEXT, ID) values (?, ?)
22:59:59,284 TRACE BasicBinder:65 - binding parameter [1] as [VARCHAR] - [Hello Hibernate logging]
22:59:59,285 TRACE BasicBinder:65 - binding parameter [2] as [INTEGER] - [46]
22:59:59,302 DEBUG SQL:94 - select message0_.ID as ID1_0_0_, message0_.TEXT as TEXT2_0_0_ from Message message0_ where message0_.ID=?
22:59:59,304 TRACE BasicBinder:65 - binding parameter [1] as [INTEGER] - [46]
22:59:59,312 DEBUG SQL:94 - select message0_.ID as ID1_0_0_, message0_.TEXT as TEXT2_0_0_ from Message message0_ where message0_.ID=?
22:59:59,312 TRACE BasicBinder:65 - binding parameter [1] as [INTEGER] - [46]
22:59:59,315 DEBUG SQL:94 - update Message set TEXT=? where ID=?
22:59:59,316 TRACE BasicBinder:65 - binding parameter [1] as [VARCHAR] - [Hello Hibernate logg]
22:59:59,316 TRACE BasicBinder:65 - binding parameter [2] as [INTEGER] - [46]
23:00:11,640 DEBUG SQL:94 - select message0_.ID as ID1_0_0_, message0_.TEXT as TEXT2_0_0_ from Message message0_ where message0_.ID=?
23:00:11,660 TRACE BasicBinder:65 - binding parameter [1] as [INTEGER] - [46]
23:00:23,638 DEBUG SQL:94 - delete from Message where ID=?
23:00:23,640 TRACE BasicBinder:65 - binding parameter [1] as [INTEGER] - [46]
